


ARM Macro Assembler    Page 1 


    1 00000000         ;******************** (C) COPYRIGHT 2018 MIC ***********
                       *********
    2 00000000         ;* File Name          : startup_VTM071x.s
    3 00000000         ;* Author             : MIC Software Team
    4 00000000         ;* Version            : V1.0.0
    5 00000000         ;* Date               : 03/01/2018
    6 00000000         ;* Description        : VTM071x Devices vector table for
                        MDK-ARM toolchain.
    7 00000000         ;*                      This module performs:
    8 00000000         ;*                      - Set the initial SP
    9 00000000         ;*                      - Set the initial PC == Reset_Ha
                       ndler
   10 00000000         ;*                      - Set the vector table entries w
                       ith the exceptions ISR address
   11 00000000         ;*                      - Branches to __main in the C li
                       brary (which eventually
   12 00000000         ;*                        calls main()).
   13 00000000         ;*                      After Reset the CortexM0 process
                       or is in Thread mode,
   14 00000000         ;*                      priority is Privileged, and the 
                       Stack is set to Main.
   15 00000000         ;* <<< Use Configuration Wizard in Context Menu >>>   
   16 00000000         ;*******************************************************
                       ***********************
   17 00000000         ;  @attention
   18 00000000         ; 
   19 00000000         ;  THE PRESENT FIRMWARE WHICH IS FOR GUIDANCE ONLY AIMS 
                       AT PROVIDING CUSTOMERS
   20 00000000         ;  WITH CODING INFORMATION REGARDING THEIR PRODUCTS IN O
                       RDER FOR THEM TO SAVE
   21 00000000         ;  TIME. AS A RESULT, MIC SHALL NOT BE HELD LIABLE FOR A
                       NY
   22 00000000         ;  DIRECT, INDIRECT OR CONSEQUENTIAL DAMAGES WITH RESPEC
                       T TO ANY CLAIMS ARISING
   23 00000000         ;  FROM THE CONTENT OF SUCH FIRMWARE AND/OR THE USE MADE
                        BY CUSTOMERS OF THE
   24 00000000         ;  CODING INFORMATION CONTAINED HEREIN IN CONNECTION WIT
                       H THEIR PRODUCTS.
   25 00000000         ;*******************************************************
                       ***********************
   26 00000000         ;
   27 00000000         ; Amount of memory (in bytes) allocated for Stack
   28 00000000         ; Tailor this value to your application needs
   29 00000000         ; <h> Stack Configuration
   30 00000000         ;   <o> Stack Size (in Bytes) <0x0-0xFFFFFFFF:8>
   31 00000000         ; </h>
   32 00000000         
   33 00000000         
   34 00000000 00000800 
                       Stack_Size
                               EQU              0x00000800
   35 00000000         
   36 00000000                 AREA             STACK, NOINIT, READWRITE, ALIGN
=3
   37 00000000         Stack_Mem
                               SPACE            Stack_Size
   38 00000800         __initial_sp
   39 00000800         
   40 00000800         



ARM Macro Assembler    Page 2 


   41 00000800         ; <h> Heap Configuration
   42 00000800         ;   <o>  Heap Size (in Bytes) <0x0-0xFFFFFFFF:8>
   43 00000800         ; </h>
   44 00000800         
   45 00000800 00000000 
                       Heap_Size
                               EQU              0x00000000
   46 00000800         
   47 00000800                 AREA             HEAP, NOINIT, READWRITE, ALIGN=
3
   48 00000000         __heap_base
   49 00000000         Heap_Mem
                               SPACE            Heap_Size
   50 00000000         __heap_limit
   51 00000000         
   52 00000000                 PRESERVE8
   53 00000000                 THUMB
   54 00000000         
   55 00000000         
   56 00000000         ; Vector Table Mapped to Address 0 at Reset
   57 00000000                 AREA             RESET, DATA, READONLY
   58 00000000                 EXPORT           __Vectors
   59 00000000                 EXPORT           __Vectors_End
   60 00000000                 EXPORT           __Vectors_Size
   61 00000000         
   62 00000000 00000000 
                       __Vectors
                               DCD              __initial_sp ; Top of Stack
   63 00000004 00000000        DCD              Reset_Handler ; Reset Handler
   64 00000008 00000000        DCD              NMI_Handler ; NMI Handler
   65 0000000C 00000000        DCD              HardFault_Handler ; Hard Fault 
                                                            Handler
   66 00000010 00000000        DCD              0           ; Reserved
   67 00000014 00000000        DCD              0           ; Reserved
   68 00000018 00000000        DCD              0           ; Reserved
   69 0000001C 00000000        DCD              0           ; Reserved
   70 00000020 00000000        DCD              0           ; Reserved
   71 00000024 00000000        DCD              0           ; Reserved
   72 00000028 00000000        DCD              0           ; Reserved
   73 0000002C 00000000        DCD              SVC_Handler ; SVCall Handler
   74 00000030 00000000        DCD              0           ; Reserved
   75 00000034 00000000        DCD              0           ; Reserved
   76 00000038 00000000        DCD              PendSV_Handler ; PendSV Handler
                                                            
   77 0000003C 00000000        DCD              SysTick_Handler 
                                                            ; SysTick Handler
   78 00000040         
   79 00000040         ; External Interrupts
   80 00000040 00000000        DCD              0           ; 0  -- Reserved
   81 00000044 00000000        DCD              0           ; 1  -- Reserved
   82 00000048 00000000        DCD              0           ; 2  -- Reserved
   83 0000004C 00000000        DCD              0           ; 3  -- Reserved
   84 00000050 00000000        DCD              0           ; 4  -- Reserved
   85 00000054 00000000        DCD              RTC_IRQHandler 
                                                            ; 5  -- RTC Handler
                                                            
   86 00000058 00000000        DCD              USB_IRQHandler 
                                                            ; 6  -- USB Handler
                                                            



ARM Macro Assembler    Page 3 


   87 0000005C 00000000        DCD              USB_DMA_IRQHandler ; 7  -- USB 
                                                            DMA Handler
   88 00000060 00000000        DCD              FLASH_IRQHandler ; 8  -- FLASH 
                                                            Handler
   89 00000064 00000000        DCD              USART0_IRQHandler ; 9  -- USART
                                                            0 Handler
   90 00000068 00000000        DCD              USART1_IRQHandler ; 10 -- USART
                                                            1 Handler 
   91 0000006C 00000000        DCD              I2C0_IRQHandler ; 11 -- I2C0 Ha
                                                            ndler
   92 00000070 00000000        DCD              0           ; 12 -- Reserved
   93 00000074 00000000        DCD              SPI0_IRQHandler ; 13 -- SPI0 Ha
                                                            ndler
   94 00000078 00000000        DCD              TIMER0_IRQHandler ; 14 -- TIMER
                                                            0 Handler
   95 0000007C 00000000        DCD              TIMER1_IRQHandler ; 15 -- TIMER
                                                            1 Handler
   96 00000080 00000000        DCD              MCPWM_IRQHandler ; 16 -- MCPWM 
                                                            Handler
   97 00000084 00000000        DCD              DMA_IRQHandler 
                                                            ; 17 -- DMA Handler
                                                            
   98 00000088 00000000        DCD              GPIO0_TO_GPIO3_IRQHandler ; 18 
                                                            -- GPIO0-GPIO3 Hand
                                                            ler
   99 0000008C 00000000        DCD              ADC_IRQHandler 
                                                            ; 19 -- ADC Handler
                                                            
  100 00000090 00000000        DCD              ACMP_IRQHandler ; 20 -- ACMP Ha
                                                            ndler
  101 00000094 00000000        DCD              BOD_IRQHandler 
                                                            ; 21 -- BOD Handler
                                                            
  102 00000098 00000000        DCD              BOR_IRQHandler 
                                                            ; 22 -- BOR Handler
                                                            
  103 0000009C 00000000        DCD              GPIO4_TO_GPIO6_IRQHandler ; 23 
                                                            -- GPIO4-GPIO7 Hand
                                                            ler
  104 000000A0 00000000        DCD              DAC_IRQHandler 
                                                            ; 24 -- DAC Handler
                                                            
  105 000000A4 00000000        DCD              I2C1_IRQHandler ; 25 -- I2C1 Ha
                                                            ndler
  106 000000A8 00000000        DCD              TSC_IRQHandler 
                                                            ; 26 -- TSC Handler
                                                            
  107 000000AC 00000000        DCD              SPI1_IRQHandler ; 27 -- SPI1 Ha
                                                            ndler
  108 000000B0 00000000        DCD              0           ; 28 -- Reserved
  109 000000B4 00000000        DCD              TIMER2_IRQHandler ; 29 -- TIMER
                                                            2 Handler
  110 000000B8 00000000        DCD              TIMER3_IRQHandler ; 30 -- TIMER
                                                            3 Handler
  111 000000BC 00000000        DCD              CORDIC_IRQHandler ; 31 -- CORDI
                                                            C Handler
  112 000000C0         
  113 000000C0         __Vectors_End
  114 000000C0         



ARM Macro Assembler    Page 4 


  115 000000C0 000000C0 
                       __Vectors_Size
                               EQU              __Vectors_End - __Vectors
  116 000000C0         
  117 000000C0                 AREA             |.text|, CODE, READONLY
  118 00000000         
  119 00000000         ; Reset handler routine
  120 00000000         Reset_Handler
                               PROC
  121 00000000                 EXPORT           Reset_Handler                 [
WEAK]
  122 00000000                 IMPORT           __main
  123 00000000                 IMPORT           SystemInit
  124 00000000 4804            LDR              R0, =SystemInit
  125 00000002 4780            BLX              R0
  126 00000004 4804            LDR              R0, =__main
  127 00000006 4700            BX               R0
  128 00000008                 ENDP
  129 00000008         
  130 00000008         ; Dummy Exception Handlers (infinite loops which can be 
                       modified)
  131 00000008         
  132 00000008         NMI_Handler
                               PROC
  133 00000008                 EXPORT           NMI_Handler                    
[WEAK]
  134 00000008 E7FE            B                .
  135 0000000A                 ENDP
  137 0000000A         HardFault_Handler
                               PROC
  138 0000000A                 EXPORT           HardFault_Handler              
[WEAK]
  139 0000000A E7FE            B                .
  140 0000000C                 ENDP
  141 0000000C         SVC_Handler
                               PROC
  142 0000000C                 EXPORT           SVC_Handler                    
[WEAK]
  143 0000000C E7FE            B                .
  144 0000000E                 ENDP
  145 0000000E         PendSV_Handler
                               PROC
  146 0000000E                 EXPORT           PendSV_Handler                 
[WEAK]
  147 0000000E E7FE            B                .
  148 00000010                 ENDP
  149 00000010         SysTick_Handler
                               PROC
  150 00000010                 EXPORT           SysTick_Handler                
[WEAK]
  151 00000010 E7FE            B                .
  152 00000012                 ENDP
  153 00000012         
  154 00000012         Default_Handler
                               PROC
  155 00000012         
  156 00000012                 EXPORT           RTC_IRQHandler                 
[WEAK]
  157 00000012                 EXPORT           USB_IRQHandler                 



ARM Macro Assembler    Page 5 


[WEAK]
  158 00000012                 EXPORT           USB_DMA_IRQHandler             
[WEAK]
  159 00000012                 EXPORT           FLASH_IRQHandler               
[WEAK]
  160 00000012                 EXPORT           USART0_IRQHandler              
[WEAK]
  161 00000012                 EXPORT           USART1_IRQHandler              
[WEAK]
  162 00000012                 EXPORT           I2C0_IRQHandler                
[WEAK]
  163 00000012                 EXPORT           SPI0_IRQHandler                
[WEAK]
  164 00000012                 EXPORT           TIMER0_IRQHandler              
[WEAK]
  165 00000012                 EXPORT           TIMER1_IRQHandler              
[WEAK]
  166 00000012                 EXPORT           MCPWM_IRQHandler               
[WEAK]
  167 00000012                 EXPORT           DMA_IRQHandler                 
[WEAK]
  168 00000012                 EXPORT           GPIO0_TO_GPIO3_IRQHandler      
[WEAK]
  169 00000012                 EXPORT           ADC_IRQHandler                 
[WEAK]
  170 00000012                 EXPORT           ACMP_IRQHandler                
[WEAK]
  171 00000012                 EXPORT           BOD_IRQHandler                 
[WEAK]
  172 00000012                 EXPORT           BOR_IRQHandler                 
[WEAK]
  173 00000012                 EXPORT           GPIO4_TO_GPIO6_IRQHandler      
[WEAK]
  174 00000012                 EXPORT           DAC_IRQHandler                 
[WEAK]
  175 00000012                 EXPORT           I2C1_IRQHandler                
[WEAK]
  176 00000012                 EXPORT           TSC_IRQHandler                 
[WEAK]
  177 00000012                 EXPORT           SPI1_IRQHandler                
[WEAK]
  178 00000012                 EXPORT           TIMER2_IRQHandler              
[WEAK]
  179 00000012                 EXPORT           TIMER3_IRQHandler              
[WEAK]
  180 00000012                 EXPORT           CORDIC_IRQHandler              
[WEAK]
  181 00000012         
  182 00000012         RTC_IRQHandler
  183 00000012         USB_IRQHandler
  184 00000012         USB_DMA_IRQHandler
  185 00000012         FLASH_IRQHandler
  186 00000012         USART0_IRQHandler
  187 00000012         USART1_IRQHandler
  188 00000012         I2C0_IRQHandler
  189 00000012         SPI0_IRQHandler
  190 00000012         TIMER0_IRQHandler
  191 00000012         TIMER1_IRQHandler
  192 00000012         MCPWM_IRQHandler



ARM Macro Assembler    Page 6 


  193 00000012         DMA_IRQHandler
  194 00000012         GPIO0_TO_GPIO3_IRQHandler
  195 00000012         ADC_IRQHandler
  196 00000012         ACMP_IRQHandler
  197 00000012         BOD_IRQHandler
  198 00000012         BOR_IRQHandler
  199 00000012         GPIO4_TO_GPIO6_IRQHandler
  200 00000012         DAC_IRQHandler
  201 00000012         I2C1_IRQHandler
  202 00000012         TSC_IRQHandler
  203 00000012         SPI1_IRQHandler
  204 00000012         TIMER2_IRQHandler
  205 00000012         TIMER3_IRQHandler
  206 00000012         CORDIC_IRQHandler
  207 00000012         
  208 00000012 E7FE            B                .
  209 00000014         
  210 00000014                 ENDP
  211 00000014         
  212 00000014                 ALIGN
  213 00000014         
  214 00000014         ;*******************************************************
                       ************************
  215 00000014         ; User Stack and Heap initialization
  216 00000014         ;*******************************************************
                       ************************
  217 00000014                 IF               :DEF:__MICROLIB
  218 00000014         
  219 00000014                 EXPORT           __initial_sp
  220 00000014                 EXPORT           __heap_base
  221 00000014                 EXPORT           __heap_limit
  222 00000014         
  223 00000014                 ELSE
  238                          ENDIF
  239 00000014         
  240 00000014                 END
              00000000 
              00000000 
Command Line: --debug --xref --diag_suppress=9931 --cpu=Cortex-M0 --apcs=interw
ork --depend=.\objects\startup_vtm071x.d -o.\objects\startup_vtm071x.o -IC:\Kei
l_v5\ARM\PACK\ARM\CMSIS\5.8.0\Device\ARM\ARMCM0\Include -IC:\Keil_v5\ARM\CMSIS\
Include --predefine="__MICROLIB SETA 1" --predefine="__UVISION_VERSION SETA 536
" --predefine="ARMCM0 SETA 1" --list=.\listings\startup_vtm071x.lst ..\..\..\Li
braries\CMSIS\Device\MIC\VTM071x\Source\Templates\ARM\startup_VTM071x.s



ARM Macro Assembler    Page 1 Alphabetic symbol ordering
Relocatable symbols

STACK 00000000

Symbol: STACK
   Definitions
      At line 36 in file ..\..\..\Libraries\CMSIS\Device\MIC\VTM071x\Source\Tem
plates\ARM\startup_VTM071x.s
   Uses
      None
Comment: STACK unused
Stack_Mem 00000000

Symbol: Stack_Mem
   Definitions
      At line 37 in file ..\..\..\Libraries\CMSIS\Device\MIC\VTM071x\Source\Tem
plates\ARM\startup_VTM071x.s
   Uses
      None
Comment: Stack_Mem unused
__initial_sp 00000800

Symbol: __initial_sp
   Definitions
      At line 38 in file ..\..\..\Libraries\CMSIS\Device\MIC\VTM071x\Source\Tem
plates\ARM\startup_VTM071x.s
   Uses
      At line 62 in file ..\..\..\Libraries\CMSIS\Device\MIC\VTM071x\Source\Tem
plates\ARM\startup_VTM071x.s
      At line 219 in file ..\..\..\Libraries\CMSIS\Device\MIC\VTM071x\Source\Te
mplates\ARM\startup_VTM071x.s

3 symbols



ARM Macro Assembler    Page 1 Alphabetic symbol ordering
Relocatable symbols

HEAP 00000000

Symbol: HEAP
   Definitions
      At line 47 in file ..\..\..\Libraries\CMSIS\Device\MIC\VTM071x\Source\Tem
plates\ARM\startup_VTM071x.s
   Uses
      None
Comment: HEAP unused
Heap_Mem 00000000

Symbol: Heap_Mem
   Definitions
      At line 49 in file ..\..\..\Libraries\CMSIS\Device\MIC\VTM071x\Source\Tem
plates\ARM\startup_VTM071x.s
   Uses
      None
Comment: Heap_Mem unused
__heap_base 00000000

Symbol: __heap_base
   Definitions
      At line 48 in file ..\..\..\Libraries\CMSIS\Device\MIC\VTM071x\Source\Tem
plates\ARM\startup_VTM071x.s
   Uses
      At line 220 in file ..\..\..\Libraries\CMSIS\Device\MIC\VTM071x\Source\Te
mplates\ARM\startup_VTM071x.s
Comment: __heap_base used once
__heap_limit 00000000

Symbol: __heap_limit
   Definitions
      At line 50 in file ..\..\..\Libraries\CMSIS\Device\MIC\VTM071x\Source\Tem
plates\ARM\startup_VTM071x.s
   Uses
      At line 221 in file ..\..\..\Libraries\CMSIS\Device\MIC\VTM071x\Source\Te
mplates\ARM\startup_VTM071x.s
Comment: __heap_limit used once
4 symbols



ARM Macro Assembler    Page 1 Alphabetic symbol ordering
Relocatable symbols

RESET 00000000

Symbol: RESET
   Definitions
      At line 57 in file ..\..\..\Libraries\CMSIS\Device\MIC\VTM071x\Source\Tem
plates\ARM\startup_VTM071x.s
   Uses
      None
Comment: RESET unused
__Vectors 00000000

Symbol: __Vectors
   Definitions
      At line 62 in file ..\..\..\Libraries\CMSIS\Device\MIC\VTM071x\Source\Tem
plates\ARM\startup_VTM071x.s
   Uses
      At line 58 in file ..\..\..\Libraries\CMSIS\Device\MIC\VTM071x\Source\Tem
plates\ARM\startup_VTM071x.s
      At line 115 in file ..\..\..\Libraries\CMSIS\Device\MIC\VTM071x\Source\Te
mplates\ARM\startup_VTM071x.s

__Vectors_End 000000C0

Symbol: __Vectors_End
   Definitions
      At line 113 in file ..\..\..\Libraries\CMSIS\Device\MIC\VTM071x\Source\Te
mplates\ARM\startup_VTM071x.s
   Uses
      At line 59 in file ..\..\..\Libraries\CMSIS\Device\MIC\VTM071x\Source\Tem
plates\ARM\startup_VTM071x.s
      At line 115 in file ..\..\..\Libraries\CMSIS\Device\MIC\VTM071x\Source\Te
mplates\ARM\startup_VTM071x.s

3 symbols



ARM Macro Assembler    Page 1 Alphabetic symbol ordering
Relocatable symbols

.text 00000000

Symbol: .text
   Definitions
      At line 117 in file ..\..\..\Libraries\CMSIS\Device\MIC\VTM071x\Source\Te
mplates\ARM\startup_VTM071x.s
   Uses
      None
Comment: .text unused
ACMP_IRQHandler 00000012

Symbol: ACMP_IRQHandler
   Definitions
      At line 196 in file ..\..\..\Libraries\CMSIS\Device\MIC\VTM071x\Source\Te
mplates\ARM\startup_VTM071x.s
   Uses
      At line 100 in file ..\..\..\Libraries\CMSIS\Device\MIC\VTM071x\Source\Te
mplates\ARM\startup_VTM071x.s
      At line 170 in file ..\..\..\Libraries\CMSIS\Device\MIC\VTM071x\Source\Te
mplates\ARM\startup_VTM071x.s

ADC_IRQHandler 00000012

Symbol: ADC_IRQHandler
   Definitions
      At line 195 in file ..\..\..\Libraries\CMSIS\Device\MIC\VTM071x\Source\Te
mplates\ARM\startup_VTM071x.s
   Uses
      At line 99 in file ..\..\..\Libraries\CMSIS\Device\MIC\VTM071x\Source\Tem
plates\ARM\startup_VTM071x.s
      At line 169 in file ..\..\..\Libraries\CMSIS\Device\MIC\VTM071x\Source\Te
mplates\ARM\startup_VTM071x.s

BOD_IRQHandler 00000012

Symbol: BOD_IRQHandler
   Definitions
      At line 197 in file ..\..\..\Libraries\CMSIS\Device\MIC\VTM071x\Source\Te
mplates\ARM\startup_VTM071x.s
   Uses
      At line 101 in file ..\..\..\Libraries\CMSIS\Device\MIC\VTM071x\Source\Te
mplates\ARM\startup_VTM071x.s
      At line 171 in file ..\..\..\Libraries\CMSIS\Device\MIC\VTM071x\Source\Te
mplates\ARM\startup_VTM071x.s

BOR_IRQHandler 00000012

Symbol: BOR_IRQHandler
   Definitions
      At line 198 in file ..\..\..\Libraries\CMSIS\Device\MIC\VTM071x\Source\Te
mplates\ARM\startup_VTM071x.s
   Uses
      At line 102 in file ..\..\..\Libraries\CMSIS\Device\MIC\VTM071x\Source\Te
mplates\ARM\startup_VTM071x.s
      At line 172 in file ..\..\..\Libraries\CMSIS\Device\MIC\VTM071x\Source\Te
mplates\ARM\startup_VTM071x.s

CORDIC_IRQHandler 00000012




ARM Macro Assembler    Page 2 Alphabetic symbol ordering
Relocatable symbols

Symbol: CORDIC_IRQHandler
   Definitions
      At line 206 in file ..\..\..\Libraries\CMSIS\Device\MIC\VTM071x\Source\Te
mplates\ARM\startup_VTM071x.s
   Uses
      At line 111 in file ..\..\..\Libraries\CMSIS\Device\MIC\VTM071x\Source\Te
mplates\ARM\startup_VTM071x.s
      At line 180 in file ..\..\..\Libraries\CMSIS\Device\MIC\VTM071x\Source\Te
mplates\ARM\startup_VTM071x.s

DAC_IRQHandler 00000012

Symbol: DAC_IRQHandler
   Definitions
      At line 200 in file ..\..\..\Libraries\CMSIS\Device\MIC\VTM071x\Source\Te
mplates\ARM\startup_VTM071x.s
   Uses
      At line 104 in file ..\..\..\Libraries\CMSIS\Device\MIC\VTM071x\Source\Te
mplates\ARM\startup_VTM071x.s
      At line 174 in file ..\..\..\Libraries\CMSIS\Device\MIC\VTM071x\Source\Te
mplates\ARM\startup_VTM071x.s

DMA_IRQHandler 00000012

Symbol: DMA_IRQHandler
   Definitions
      At line 193 in file ..\..\..\Libraries\CMSIS\Device\MIC\VTM071x\Source\Te
mplates\ARM\startup_VTM071x.s
   Uses
      At line 97 in file ..\..\..\Libraries\CMSIS\Device\MIC\VTM071x\Source\Tem
plates\ARM\startup_VTM071x.s
      At line 167 in file ..\..\..\Libraries\CMSIS\Device\MIC\VTM071x\Source\Te
mplates\ARM\startup_VTM071x.s

Default_Handler 00000012

Symbol: Default_Handler
   Definitions
      At line 154 in file ..\..\..\Libraries\CMSIS\Device\MIC\VTM071x\Source\Te
mplates\ARM\startup_VTM071x.s
   Uses
      None
Comment: Default_Handler unused
FLASH_IRQHandler 00000012

Symbol: FLASH_IRQHandler
   Definitions
      At line 185 in file ..\..\..\Libraries\CMSIS\Device\MIC\VTM071x\Source\Te
mplates\ARM\startup_VTM071x.s
   Uses
      At line 88 in file ..\..\..\Libraries\CMSIS\Device\MIC\VTM071x\Source\Tem
plates\ARM\startup_VTM071x.s
      At line 159 in file ..\..\..\Libraries\CMSIS\Device\MIC\VTM071x\Source\Te
mplates\ARM\startup_VTM071x.s

GPIO0_TO_GPIO3_IRQHandler 00000012

Symbol: GPIO0_TO_GPIO3_IRQHandler
   Definitions



ARM Macro Assembler    Page 3 Alphabetic symbol ordering
Relocatable symbols

      At line 194 in file ..\..\..\Libraries\CMSIS\Device\MIC\VTM071x\Source\Te
mplates\ARM\startup_VTM071x.s
   Uses
      At line 98 in file ..\..\..\Libraries\CMSIS\Device\MIC\VTM071x\Source\Tem
plates\ARM\startup_VTM071x.s
      At line 168 in file ..\..\..\Libraries\CMSIS\Device\MIC\VTM071x\Source\Te
mplates\ARM\startup_VTM071x.s

GPIO4_TO_GPIO6_IRQHandler 00000012

Symbol: GPIO4_TO_GPIO6_IRQHandler
   Definitions
      At line 199 in file ..\..\..\Libraries\CMSIS\Device\MIC\VTM071x\Source\Te
mplates\ARM\startup_VTM071x.s
   Uses
      At line 103 in file ..\..\..\Libraries\CMSIS\Device\MIC\VTM071x\Source\Te
mplates\ARM\startup_VTM071x.s
      At line 173 in file ..\..\..\Libraries\CMSIS\Device\MIC\VTM071x\Source\Te
mplates\ARM\startup_VTM071x.s

HardFault_Handler 0000000A

Symbol: HardFault_Handler
   Definitions
      At line 137 in file ..\..\..\Libraries\CMSIS\Device\MIC\VTM071x\Source\Te
mplates\ARM\startup_VTM071x.s
   Uses
      At line 65 in file ..\..\..\Libraries\CMSIS\Device\MIC\VTM071x\Source\Tem
plates\ARM\startup_VTM071x.s
      At line 138 in file ..\..\..\Libraries\CMSIS\Device\MIC\VTM071x\Source\Te
mplates\ARM\startup_VTM071x.s

I2C0_IRQHandler 00000012

Symbol: I2C0_IRQHandler
   Definitions
      At line 188 in file ..\..\..\Libraries\CMSIS\Device\MIC\VTM071x\Source\Te
mplates\ARM\startup_VTM071x.s
   Uses
      At line 91 in file ..\..\..\Libraries\CMSIS\Device\MIC\VTM071x\Source\Tem
plates\ARM\startup_VTM071x.s
      At line 162 in file ..\..\..\Libraries\CMSIS\Device\MIC\VTM071x\Source\Te
mplates\ARM\startup_VTM071x.s

I2C1_IRQHandler 00000012

Symbol: I2C1_IRQHandler
   Definitions
      At line 201 in file ..\..\..\Libraries\CMSIS\Device\MIC\VTM071x\Source\Te
mplates\ARM\startup_VTM071x.s
   Uses
      At line 105 in file ..\..\..\Libraries\CMSIS\Device\MIC\VTM071x\Source\Te
mplates\ARM\startup_VTM071x.s
      At line 175 in file ..\..\..\Libraries\CMSIS\Device\MIC\VTM071x\Source\Te
mplates\ARM\startup_VTM071x.s

MCPWM_IRQHandler 00000012

Symbol: MCPWM_IRQHandler



ARM Macro Assembler    Page 4 Alphabetic symbol ordering
Relocatable symbols

   Definitions
      At line 192 in file ..\..\..\Libraries\CMSIS\Device\MIC\VTM071x\Source\Te
mplates\ARM\startup_VTM071x.s
   Uses
      At line 96 in file ..\..\..\Libraries\CMSIS\Device\MIC\VTM071x\Source\Tem
plates\ARM\startup_VTM071x.s
      At line 166 in file ..\..\..\Libraries\CMSIS\Device\MIC\VTM071x\Source\Te
mplates\ARM\startup_VTM071x.s

NMI_Handler 00000008

Symbol: NMI_Handler
   Definitions
      At line 132 in file ..\..\..\Libraries\CMSIS\Device\MIC\VTM071x\Source\Te
mplates\ARM\startup_VTM071x.s
   Uses
      At line 64 in file ..\..\..\Libraries\CMSIS\Device\MIC\VTM071x\Source\Tem
plates\ARM\startup_VTM071x.s
      At line 133 in file ..\..\..\Libraries\CMSIS\Device\MIC\VTM071x\Source\Te
mplates\ARM\startup_VTM071x.s

PendSV_Handler 0000000E

Symbol: PendSV_Handler
   Definitions
      At line 145 in file ..\..\..\Libraries\CMSIS\Device\MIC\VTM071x\Source\Te
mplates\ARM\startup_VTM071x.s
   Uses
      At line 76 in file ..\..\..\Libraries\CMSIS\Device\MIC\VTM071x\Source\Tem
plates\ARM\startup_VTM071x.s
      At line 146 in file ..\..\..\Libraries\CMSIS\Device\MIC\VTM071x\Source\Te
mplates\ARM\startup_VTM071x.s

RTC_IRQHandler 00000012

Symbol: RTC_IRQHandler
   Definitions
      At line 182 in file ..\..\..\Libraries\CMSIS\Device\MIC\VTM071x\Source\Te
mplates\ARM\startup_VTM071x.s
   Uses
      At line 85 in file ..\..\..\Libraries\CMSIS\Device\MIC\VTM071x\Source\Tem
plates\ARM\startup_VTM071x.s
      At line 156 in file ..\..\..\Libraries\CMSIS\Device\MIC\VTM071x\Source\Te
mplates\ARM\startup_VTM071x.s

Reset_Handler 00000000

Symbol: Reset_Handler
   Definitions
      At line 120 in file ..\..\..\Libraries\CMSIS\Device\MIC\VTM071x\Source\Te
mplates\ARM\startup_VTM071x.s
   Uses
      At line 63 in file ..\..\..\Libraries\CMSIS\Device\MIC\VTM071x\Source\Tem
plates\ARM\startup_VTM071x.s
      At line 121 in file ..\..\..\Libraries\CMSIS\Device\MIC\VTM071x\Source\Te
mplates\ARM\startup_VTM071x.s

SPI0_IRQHandler 00000012




ARM Macro Assembler    Page 5 Alphabetic symbol ordering
Relocatable symbols

Symbol: SPI0_IRQHandler
   Definitions
      At line 189 in file ..\..\..\Libraries\CMSIS\Device\MIC\VTM071x\Source\Te
mplates\ARM\startup_VTM071x.s
   Uses
      At line 93 in file ..\..\..\Libraries\CMSIS\Device\MIC\VTM071x\Source\Tem
plates\ARM\startup_VTM071x.s
      At line 163 in file ..\..\..\Libraries\CMSIS\Device\MIC\VTM071x\Source\Te
mplates\ARM\startup_VTM071x.s

SPI1_IRQHandler 00000012

Symbol: SPI1_IRQHandler
   Definitions
      At line 203 in file ..\..\..\Libraries\CMSIS\Device\MIC\VTM071x\Source\Te
mplates\ARM\startup_VTM071x.s
   Uses
      At line 107 in file ..\..\..\Libraries\CMSIS\Device\MIC\VTM071x\Source\Te
mplates\ARM\startup_VTM071x.s
      At line 177 in file ..\..\..\Libraries\CMSIS\Device\MIC\VTM071x\Source\Te
mplates\ARM\startup_VTM071x.s

SVC_Handler 0000000C

Symbol: SVC_Handler
   Definitions
      At line 141 in file ..\..\..\Libraries\CMSIS\Device\MIC\VTM071x\Source\Te
mplates\ARM\startup_VTM071x.s
   Uses
      At line 73 in file ..\..\..\Libraries\CMSIS\Device\MIC\VTM071x\Source\Tem
plates\ARM\startup_VTM071x.s
      At line 142 in file ..\..\..\Libraries\CMSIS\Device\MIC\VTM071x\Source\Te
mplates\ARM\startup_VTM071x.s

SysTick_Handler 00000010

Symbol: SysTick_Handler
   Definitions
      At line 149 in file ..\..\..\Libraries\CMSIS\Device\MIC\VTM071x\Source\Te
mplates\ARM\startup_VTM071x.s
   Uses
      At line 77 in file ..\..\..\Libraries\CMSIS\Device\MIC\VTM071x\Source\Tem
plates\ARM\startup_VTM071x.s
      At line 150 in file ..\..\..\Libraries\CMSIS\Device\MIC\VTM071x\Source\Te
mplates\ARM\startup_VTM071x.s

TIMER0_IRQHandler 00000012

Symbol: TIMER0_IRQHandler
   Definitions
      At line 190 in file ..\..\..\Libraries\CMSIS\Device\MIC\VTM071x\Source\Te
mplates\ARM\startup_VTM071x.s
   Uses
      At line 94 in file ..\..\..\Libraries\CMSIS\Device\MIC\VTM071x\Source\Tem
plates\ARM\startup_VTM071x.s
      At line 164 in file ..\..\..\Libraries\CMSIS\Device\MIC\VTM071x\Source\Te
mplates\ARM\startup_VTM071x.s

TIMER1_IRQHandler 00000012



ARM Macro Assembler    Page 6 Alphabetic symbol ordering
Relocatable symbols


Symbol: TIMER1_IRQHandler
   Definitions
      At line 191 in file ..\..\..\Libraries\CMSIS\Device\MIC\VTM071x\Source\Te
mplates\ARM\startup_VTM071x.s
   Uses
      At line 95 in file ..\..\..\Libraries\CMSIS\Device\MIC\VTM071x\Source\Tem
plates\ARM\startup_VTM071x.s
      At line 165 in file ..\..\..\Libraries\CMSIS\Device\MIC\VTM071x\Source\Te
mplates\ARM\startup_VTM071x.s

TIMER2_IRQHandler 00000012

Symbol: TIMER2_IRQHandler
   Definitions
      At line 204 in file ..\..\..\Libraries\CMSIS\Device\MIC\VTM071x\Source\Te
mplates\ARM\startup_VTM071x.s
   Uses
      At line 109 in file ..\..\..\Libraries\CMSIS\Device\MIC\VTM071x\Source\Te
mplates\ARM\startup_VTM071x.s
      At line 178 in file ..\..\..\Libraries\CMSIS\Device\MIC\VTM071x\Source\Te
mplates\ARM\startup_VTM071x.s

TIMER3_IRQHandler 00000012

Symbol: TIMER3_IRQHandler
   Definitions
      At line 205 in file ..\..\..\Libraries\CMSIS\Device\MIC\VTM071x\Source\Te
mplates\ARM\startup_VTM071x.s
   Uses
      At line 110 in file ..\..\..\Libraries\CMSIS\Device\MIC\VTM071x\Source\Te
mplates\ARM\startup_VTM071x.s
      At line 179 in file ..\..\..\Libraries\CMSIS\Device\MIC\VTM071x\Source\Te
mplates\ARM\startup_VTM071x.s

TSC_IRQHandler 00000012

Symbol: TSC_IRQHandler
   Definitions
      At line 202 in file ..\..\..\Libraries\CMSIS\Device\MIC\VTM071x\Source\Te
mplates\ARM\startup_VTM071x.s
   Uses
      At line 106 in file ..\..\..\Libraries\CMSIS\Device\MIC\VTM071x\Source\Te
mplates\ARM\startup_VTM071x.s
      At line 176 in file ..\..\..\Libraries\CMSIS\Device\MIC\VTM071x\Source\Te
mplates\ARM\startup_VTM071x.s

USART0_IRQHandler 00000012

Symbol: USART0_IRQHandler
   Definitions
      At line 186 in file ..\..\..\Libraries\CMSIS\Device\MIC\VTM071x\Source\Te
mplates\ARM\startup_VTM071x.s
   Uses
      At line 89 in file ..\..\..\Libraries\CMSIS\Device\MIC\VTM071x\Source\Tem
plates\ARM\startup_VTM071x.s
      At line 160 in file ..\..\..\Libraries\CMSIS\Device\MIC\VTM071x\Source\Te
mplates\ARM\startup_VTM071x.s




ARM Macro Assembler    Page 7 Alphabetic symbol ordering
Relocatable symbols

USART1_IRQHandler 00000012

Symbol: USART1_IRQHandler
   Definitions
      At line 187 in file ..\..\..\Libraries\CMSIS\Device\MIC\VTM071x\Source\Te
mplates\ARM\startup_VTM071x.s
   Uses
      At line 90 in file ..\..\..\Libraries\CMSIS\Device\MIC\VTM071x\Source\Tem
plates\ARM\startup_VTM071x.s
      At line 161 in file ..\..\..\Libraries\CMSIS\Device\MIC\VTM071x\Source\Te
mplates\ARM\startup_VTM071x.s

USB_DMA_IRQHandler 00000012

Symbol: USB_DMA_IRQHandler
   Definitions
      At line 184 in file ..\..\..\Libraries\CMSIS\Device\MIC\VTM071x\Source\Te
mplates\ARM\startup_VTM071x.s
   Uses
      At line 87 in file ..\..\..\Libraries\CMSIS\Device\MIC\VTM071x\Source\Tem
plates\ARM\startup_VTM071x.s
      At line 158 in file ..\..\..\Libraries\CMSIS\Device\MIC\VTM071x\Source\Te
mplates\ARM\startup_VTM071x.s

USB_IRQHandler 00000012

Symbol: USB_IRQHandler
   Definitions
      At line 183 in file ..\..\..\Libraries\CMSIS\Device\MIC\VTM071x\Source\Te
mplates\ARM\startup_VTM071x.s
   Uses
      At line 86 in file ..\..\..\Libraries\CMSIS\Device\MIC\VTM071x\Source\Tem
plates\ARM\startup_VTM071x.s
      At line 157 in file ..\..\..\Libraries\CMSIS\Device\MIC\VTM071x\Source\Te
mplates\ARM\startup_VTM071x.s

33 symbols



ARM Macro Assembler    Page 1 Alphabetic symbol ordering
Absolute symbols

Heap_Size 00000000

Symbol: Heap_Size
   Definitions
      At line 45 in file ..\..\..\Libraries\CMSIS\Device\MIC\VTM071x\Source\Tem
plates\ARM\startup_VTM071x.s
   Uses
      At line 49 in file ..\..\..\Libraries\CMSIS\Device\MIC\VTM071x\Source\Tem
plates\ARM\startup_VTM071x.s
Comment: Heap_Size used once
Stack_Size 00000800

Symbol: Stack_Size
   Definitions
      At line 34 in file ..\..\..\Libraries\CMSIS\Device\MIC\VTM071x\Source\Tem
plates\ARM\startup_VTM071x.s
   Uses
      At line 37 in file ..\..\..\Libraries\CMSIS\Device\MIC\VTM071x\Source\Tem
plates\ARM\startup_VTM071x.s
Comment: Stack_Size used once
__Vectors_Size 000000C0

Symbol: __Vectors_Size
   Definitions
      At line 115 in file ..\..\..\Libraries\CMSIS\Device\MIC\VTM071x\Source\Te
mplates\ARM\startup_VTM071x.s
   Uses
      At line 60 in file ..\..\..\Libraries\CMSIS\Device\MIC\VTM071x\Source\Tem
plates\ARM\startup_VTM071x.s
Comment: __Vectors_Size used once
3 symbols



ARM Macro Assembler    Page 1 Alphabetic symbol ordering
External symbols

SystemInit 00000000

Symbol: SystemInit
   Definitions
      At line 123 in file ..\..\..\Libraries\CMSIS\Device\MIC\VTM071x\Source\Te
mplates\ARM\startup_VTM071x.s
   Uses
      At line 124 in file ..\..\..\Libraries\CMSIS\Device\MIC\VTM071x\Source\Te
mplates\ARM\startup_VTM071x.s
Comment: SystemInit used once
__main 00000000

Symbol: __main
   Definitions
      At line 122 in file ..\..\..\Libraries\CMSIS\Device\MIC\VTM071x\Source\Te
mplates\ARM\startup_VTM071x.s
   Uses
      At line 126 in file ..\..\..\Libraries\CMSIS\Device\MIC\VTM071x\Source\Te
mplates\ARM\startup_VTM071x.s
Comment: __main used once
2 symbols
383 symbols in table
